2022-07-12 18:27:46 INFO  log_Tc:11 - Info Message!
 2022-07-12 18:27:46 WARN  log_Tc:12 - Warn Message!
 2022-07-12 18:27:46 ERROR log_Tc:13 - Error Message!
 2022-07-12 18:27:46 FATAL log_Tc:14 - Fatal Message!
 2022-07-12 18:28:04 INFO  log_Tc:11 - Info Message!
 2022-07-12 18:28:04 WARN  log_Tc:12 - Warn Message!
 2022-07-12 18:28:04 ERROR log_Tc:13 - Error Message!
 2022-07-12 18:28:04 FATAL log_Tc:14 - Fatal Message!
 2022-07-12 18:31:09 INFO  log_Tc:11 - Info Message!
 2022-07-12 18:31:09 WARN  log_Tc:12 - Warn Message!
 2022-07-12 18:31:09 ERROR log_Tc:13 - Error Message!
 2022-07-12 18:31:09 FATAL log_Tc:14 - Fatal Message!
 2022-07-12 18:31:52 INFO  log_Tc:11 - Info Message!
 2022-07-12 18:31:52 WARN  log_Tc:12 - Warn Message!
 2022-07-12 18:31:52 ERROR log_Tc:13 - Error Message!
 2022-07-12 18:31:52 FATAL log_Tc:14 - Fatal Message!
 2022-07-12 18:33:39 INFO  log_Tc:11 - Info Message!
 2022-07-12 18:33:39 WARN  log_Tc:12 - Warn Message!
 2022-07-12 18:33:39 ERROR log_Tc:13 - Error Message!
 2022-07-12 18:33:39 FATAL log_Tc:14 - Fatal Message!
 2022-07-12 21:59:49 INFO  log_Tc:11 - Info Message!
 2022-07-12 21:59:49 WARN  log_Tc:12 - Warn Message!
 2022-07-12 21:59:49 ERROR log_Tc:13 - Error Message!
 2022-07-12 21:59:49 FATAL log_Tc:14 - Fatal Message!
 2022-07-12 23:27:26 INFO  DataProviderExcel:62 - This retrived user name
 2022-07-12 23:27:26 INFO  DataProviderExcel:64 - This retrived Password
 2022-07-12 23:27:26 INFO  DataProviderExcel:67 - User name fetched
 2022-07-12 23:27:27 INFO  DataProviderExcel:69 - Password name fetched
 2022-07-12 23:28:07 INFO  DataProviderExcel:62 - This retrived user name
 2022-07-12 23:28:07 INFO  DataProviderExcel:64 - This retrived Password
 2022-07-12 23:28:07 INFO  DataProviderExcel:67 - User name fetched
 2022-07-12 23:28:42 INFO  DataProviderExcel:69 - Password name fetched
 2022-07-12 23:31:37 INFO  DataProviderExcel:63 - This retrived user name
 2022-07-12 23:31:37 INFO  DataProviderExcel:66 - This retrived Password
 2022-07-12 23:31:37 INFO  DataProviderExcel:69 - User name fetched
 2022-07-12 23:31:39 INFO  DataProviderExcel:71 - Password name fetched
 2022-07-12 23:32:09 ERROR DataProviderExcel:84 - Login failed Archana Selenium
 2022-07-12 23:32:20 INFO  DataProviderExcel:63 - This retrived user name
 2022-07-12 23:32:20 INFO  DataProviderExcel:66 - This retrived Password
 2022-07-12 23:32:20 INFO  DataProviderExcel:69 - User name fetched
 2022-07-12 23:32:42 INFO  DataProviderExcel:71 - Password name fetched
 2022-07-12 23:33:02 ERROR DataProviderExcel:84 - Login failed Admin  admin123
 2022-07-12 23:36:07 INFO  DataProviderExcel:63 - This retrived user name
 2022-07-12 23:36:07 INFO  DataProviderExcel:66 - This retrived Password
 2022-07-12 23:36:07 INFO  DataProviderExcel:70 - User name fetched
 2022-07-12 23:36:09 INFO  DataProviderExcel:73 - Password name fetched
 2022-07-12 23:36:38 ERROR DataProviderExcel:86 - Login failed Archana Selenium
 2022-07-12 23:36:47 INFO  DataProviderExcel:63 - This retrived user name
 2022-07-12 23:36:47 INFO  DataProviderExcel:66 - This retrived Password
 2022-07-12 23:36:47 INFO  DataProviderExcel:70 - User name fetched
 2022-07-12 23:37:08 INFO  DataProviderExcel:73 - Password name fetched
 2022-07-12 23:37:28 ERROR DataProviderExcel:86 - Login failed Admin  admin123
 2022-07-12 23:39:08 INFO  DataProviderExcel:63 - This retrived user name
 2022-07-12 23:39:08 INFO  DataProviderExcel:66 - This retrived Password
 2022-07-12 23:39:08 INFO  DataProviderExcel:70 - User name fetched
 2022-07-12 23:39:10 INFO  DataProviderExcel:73 - Password name fetched
 2022-07-12 23:39:34 ERROR DataProviderExcel:86 - Login failed Archana Selenium
 2022-07-12 23:39:42 INFO  DataProviderExcel:63 - This retrived user name
 2022-07-12 23:39:42 INFO  DataProviderExcel:66 - This retrived Password
 2022-07-12 23:39:42 INFO  DataProviderExcel:70 - User name fetched
 2022-07-12 23:39:46 INFO  DataProviderExcel:73 - Password name fetched
 2022-07-12 23:40:16 ERROR DataProviderExcel:86 - Login failed Admin  admin123
 2022-07-12 23:59:16 INFO  DataProviderExcel:63 - This retrived user name
 2022-07-12 23:59:16 INFO  DataProviderExcel:66 - This retrived Password
 2022-07-12 23:59:16 INFO  DataProviderExcel:70 - User name fetched
 2022-07-12 23:59:18 INFO  DataProviderExcel:73 - Password name fetched
 2022-07-12 23:59:42 ERROR DataProviderExcel:86 - Login failed Archana Selenium
 2022-07-12 23:59:54 INFO  DataProviderExcel:63 - This retrived user name
 2022-07-12 23:59:54 INFO  DataProviderExcel:66 - This retrived Password
 2022-07-12 23:59:54 INFO  DataProviderExcel:70 - User name fetched
 2022-07-13 00:00:00 INFO  DataProviderExcel:73 - Password name fetched
 2022-07-13 00:00:27 ERROR DataProviderExcel:86 - Login failed Admin  admin123
 2022-07-13 00:05:32 INFO  DataProviderExcel:63 - This retrived user name
 2022-07-13 00:05:32 INFO  DataProviderExcel:66 - This retrived Password
 2022-07-13 00:05:32 INFO  DataProviderExcel:70 - User name fetched
 2022-07-13 00:05:34 INFO  DataProviderExcel:73 - Password name fetched
 2022-07-13 00:05:58 ERROR DataProviderExcel:86 - Login failed Archana Selenium
 2022-07-13 00:06:08 INFO  DataProviderExcel:63 - This retrived user name
 2022-07-13 00:06:08 INFO  DataProviderExcel:66 - This retrived Password
 2022-07-13 00:06:08 INFO  DataProviderExcel:70 - User name fetched
 2022-07-13 00:06:30 INFO  DataProviderExcel:73 - Password name fetched
 2022-07-13 00:06:45 ERROR DataProviderExcel:86 - Login failed Admin  admin123
 2022-07-13 00:10:55 INFO  DataProviderExcel:64 - This retrived user name
 2022-07-13 00:10:55 INFO  DataProviderExcel:67 - This retrived Password
 2022-07-13 00:10:55 INFO  DataProviderExcel:71 - User name fetched
 2022-07-13 00:10:57 INFO  DataProviderExcel:74 - Password name fetched
 2022-07-13 00:11:21 ERROR DataProviderExcel:87 - Login failed Archana Selenium
 2022-07-13 00:11:34 INFO  DataProviderExcel:64 - This retrived user name
 2022-07-13 00:11:34 INFO  DataProviderExcel:67 - This retrived Password
 2022-07-13 00:11:34 INFO  DataProviderExcel:71 - User name fetched
 2022-07-13 00:12:08 INFO  DataProviderExcel:74 - Password name fetched
 2022-07-13 00:12:23 ERROR DataProviderExcel:87 - Login failed Admin  admin123
 2022-07-13 00:15:28 INFO  DataProviderExcel:64 - This retrived user name
 2022-07-13 00:15:28 INFO  DataProviderExcel:67 - This retrived Password
 2022-07-13 00:15:28 INFO  DataProviderExcel:71 - User name fetched
 2022-07-13 00:15:29 INFO  DataProviderExcel:74 - Password name fetched
 2022-07-13 00:15:54 ERROR DataProviderExcel:87 - Login failed Archana Selenium
 2022-07-13 00:16:03 INFO  DataProviderExcel:64 - This retrived user name
 2022-07-13 00:16:03 INFO  DataProviderExcel:67 - This retrived Password
 2022-07-13 00:16:03 INFO  DataProviderExcel:71 - User name fetched
 2022-07-13 00:16:25 INFO  DataProviderExcel:74 - Password name fetched
 2022-07-13 00:16:40 ERROR DataProviderExcel:87 - Login failed Admin  admin123
 2022-07-13 00:24:03 INFO  DataProviderExcel:70 - This retrived user name
 2022-07-13 00:24:03 INFO  DataProviderExcel:73 - This retrived Password
 2022-07-13 00:24:03 INFO  DataProviderExcel:77 - User name fetched
 2022-07-13 00:24:05 INFO  DataProviderExcel:80 - Password name fetched
 2022-07-13 00:24:30 ERROR DataProviderExcel:91 - Login failed Archana Selenium
 2022-07-13 00:24:38 INFO  DataProviderExcel:70 - This retrived user name
 2022-07-13 00:24:38 INFO  DataProviderExcel:73 - This retrived Password
 2022-07-13 00:24:38 INFO  DataProviderExcel:77 - User name fetched
 2022-07-13 00:25:06 INFO  DataProviderExcel:80 - Password name fetched
 2022-07-13 00:25:21 ERROR DataProviderExcel:91 - Login failed Admin  admin123
 2022-07-13 00:29:46 INFO  DataProviderExcel:70 - This retrived user name
 2022-07-13 00:29:46 INFO  DataProviderExcel:73 - This retrived Password
 2022-07-13 00:29:46 INFO  DataProviderExcel:77 - User name fetched
 2022-07-13 00:29:47 INFO  DataProviderExcel:80 - Password name fetched
 2022-07-13 00:30:11 ERROR DataProviderExcel:91 - Login failed Archana Selenium
 2022-07-13 00:30:23 INFO  DataProviderExcel:70 - This retrived user name
 2022-07-13 00:30:23 INFO  DataProviderExcel:73 - This retrived Password
 2022-07-13 00:30:23 INFO  DataProviderExcel:77 - User name fetched
 2022-07-13 00:30:58 INFO  DataProviderExcel:80 - Password name fetched
 2022-07-13 00:31:13 ERROR DataProviderExcel:91 - Login failed Admin  admin123
 2022-07-13 07:50:28 INFO  log_Tc:11 - Info Message!
 2022-07-13 07:50:28 WARN  log_Tc:12 - Warn Message!
 2022-07-13 07:50:28 ERROR log_Tc:13 - Error Message!
 2022-07-13 07:50:28 FATAL log_Tc:14 - Fatal Message!
 2022-07-13 08:12:43 INFO  DataProviderExcel:70 - User name has been retrived
 2022-07-13 08:12:43 INFO  DataProviderExcel:72 - This retrived Password
 2022-07-13 08:12:43 INFO  DataProviderExcel:76 - User name fetched
 2022-07-13 08:12:45 INFO  DataProviderExcel:79 - Password name fetched
 2022-07-13 08:13:09 ERROR DataProviderExcel:89 - Login failed Archana Selenium
 2022-07-13 08:13:18 INFO  DataProviderExcel:70 - User name has been retrived
 2022-07-13 08:13:18 INFO  DataProviderExcel:72 - This retrived Password
 2022-07-13 08:13:18 INFO  DataProviderExcel:76 - User name fetched
 2022-07-13 08:13:40 INFO  DataProviderExcel:79 - Password name fetched
 2022-07-13 08:13:55 ERROR DataProviderExcel:89 - Login failed Admin  admin123
 